2023-02-27 11:33:02 INFO  Main:36 - saved data reading
2023-02-27 11:33:02 INFO  Main:41 - application start
2023-02-27 11:33:03 INFO  Controller:74 - Main controller initializing
2023-02-27 11:33:06 INFO  NewEditController:91 - new/edit window initializing
2023-02-27 11:33:29 INFO  NewEditController:91 - new/edit window initializing
2023-02-27 11:34:25 INFO  TaskInfoController:25 - task info window initializing
2023-02-27 11:34:25 ERROR Controller:127 - error loading task-info.fxml
2023-02-27 11:34:27 INFO  TaskInfoController:25 - task info window initializing
2023-03-19 14:49:47 INFO  Main:36 - saved data reading
2023-03-19 14:49:47 INFO  Main:41 - application start
2023-03-19 14:49:48 INFO  Controller:74 - Main controller initializing
2023-03-20 17:15:19 INFO  Main:36 - saved data reading
2023-03-20 17:15:19 INFO  Main:41 - application start
2023-03-20 17:15:20 INFO  Controller:74 - Main controller initializing
2023-03-20 17:15:23 INFO  NewEditController:90 - new/edit window initializing
2023-03-20 17:15:57 INFO  NewEditController:90 - new/edit window initializing
2023-03-20 17:15:59 INFO  NewEditController:90 - new/edit window initializing
2023-03-20 17:46:01 INFO  NewEditController:90 - new/edit window initializing
2023-03-20 17:46:22 INFO  NewEditController:90 - new/edit window initializing
2023-03-20 17:46:34 INFO  NewEditController:90 - new/edit window initializing
2023-03-20 17:46:39 INFO  NewEditController:90 - new/edit window initializing
2023-03-20 17:47:20 INFO  NewEditController:90 - new/edit window initializing
2023-03-20 17:47:21 INFO  NewEditController:90 - new/edit window initializing
2023-03-20 17:47:30 INFO  NewEditController:90 - new/edit window initializing
2023-03-20 17:47:37 INFO  NewEditController:90 - new/edit window initializing
2023-03-20 19:04:30 INFO  Main:36 - saved data reading
2023-03-20 19:04:30 INFO  Main:41 - application start
2023-03-20 19:04:30 INFO  Controller:74 - Main controller initializing
2023-03-20 19:04:38 INFO  NewEditController:90 - new/edit window initializing
2023-03-20 19:04:46 INFO  NewEditController:90 - new/edit window initializing
2023-03-20 19:05:42 INFO  NewEditController:90 - new/edit window initializing
2023-03-20 19:05:59 INFO  NewEditController:90 - new/edit window initializing
2023-03-20 19:06:43 INFO  Main:36 - saved data reading
2023-03-20 19:06:43 INFO  Main:41 - application start
2023-03-20 19:06:43 INFO  Controller:74 - Main controller initializing
2023-03-20 19:30:55 INFO  Main:36 - saved data reading
2023-03-20 19:30:55 INFO  Main:41 - application start
2023-03-20 19:30:55 INFO  Controller:74 - Main controller initializing
2023-03-20 19:30:58 INFO  NewEditController:90 - new/edit window initializing
2023-03-20 19:31:27 INFO  NewEditController:90 - new/edit window initializing
2023-03-20 19:31:35 INFO  NewEditController:90 - new/edit window initializing
2023-03-20 19:31:40 INFO  NewEditController:90 - new/edit window initializing
2023-03-20 19:31:56 INFO  NewEditController:90 - new/edit window initializing
2023-03-20 19:32:05 INFO  NewEditController:90 - new/edit window initializing
2023-03-20 19:32:09 INFO  NewEditController:90 - new/edit window initializing
2023-03-20 19:32:19 INFO  NewEditController:90 - new/edit window initializing
2023-03-20 19:32:28 INFO  NewEditController:90 - new/edit window initializing
2023-03-20 19:32:35 INFO  NewEditController:90 - new/edit window initializing
2023-03-20 19:34:25 INFO  NewEditController:90 - new/edit window initializing
2023-03-20 19:53:38 INFO  Main:36 - saved data reading
2023-03-20 19:53:38 INFO  Main:41 - application start
2023-03-20 19:53:38 INFO  Controller:74 - Main controller initializing
2023-03-20 19:53:43 INFO  NewEditController:90 - new/edit window initializing
2023-03-20 19:53:52 INFO  NewEditController:90 - new/edit window initializing
2023-03-20 19:54:01 INFO  NewEditController:90 - new/edit window initializing
2023-03-20 19:54:04 INFO  NewEditController:90 - new/edit window initializing
2023-03-20 19:54:48 INFO  NewEditController:90 - new/edit window initializing
2023-03-20 19:54:59 INFO  NewEditController:90 - new/edit window initializing
2023-03-20 19:55:14 INFO  NewEditController:90 - new/edit window initializing
2023-03-20 19:55:20 INFO  NewEditController:90 - new/edit window initializing
2023-03-20 19:55:51 INFO  TaskInfoController:25 - task info window initializing
2023-03-20 19:55:54 INFO  TaskInfoController:25 - task info window initializing
2023-03-20 19:56:00 INFO  TaskInfoController:25 - task info window initializing
2023-03-20 19:56:03 INFO  TaskInfoController:25 - task info window initializing
2023-03-20 19:56:06 INFO  TaskInfoController:25 - task info window initializing
2023-03-20 19:56:44 INFO  NewEditController:90 - new/edit window initializing
2023-03-20 19:56:51 INFO  NewEditController:90 - new/edit window initializing
2023-03-20 19:58:12 INFO  Main:36 - saved data reading
2023-03-20 19:58:12 INFO  Main:41 - application start
2023-03-20 19:58:12 INFO  Controller:74 - Main controller initializing
2023-03-20 19:58:41 INFO  NewEditController:90 - new/edit window initializing
2023-03-20 19:58:45 INFO  NewEditController:90 - new/edit window initializing
2023-03-20 19:59:49 INFO  NewEditController:90 - new/edit window initializing
2023-03-20 20:39:41 INFO  Main:36 - saved data reading
2023-03-20 20:39:41 INFO  Main:41 - application start
2023-03-20 20:39:42 INFO  Controller:75 - Main controller initializing
2023-03-20 20:40:48 INFO  Main:36 - saved data reading
2023-03-20 20:40:48 INFO  Main:41 - application start
2023-03-20 20:40:49 INFO  Controller:75 - Main controller initializing
2023-03-20 20:42:31 INFO  Main:36 - saved data reading
2023-03-20 20:42:31 INFO  Main:41 - application start
2023-03-20 20:42:31 INFO  Controller:75 - Main controller initializing
2023-03-20 20:42:31 ERROR Main:56 - error reading main.fxml
2023-03-20 20:42:56 INFO  Main:36 - saved data reading
2023-03-20 20:42:56 INFO  Main:41 - application start
2023-03-20 20:42:57 INFO  Controller:75 - Main controller initializing
2023-03-20 20:45:22 INFO  Main:36 - saved data reading
2023-03-20 20:45:22 INFO  Main:41 - application start
2023-03-20 20:45:22 INFO  Controller:75 - Main controller initializing
2023-03-20 20:50:08 INFO  Main:36 - saved data reading
2023-03-20 20:50:08 INFO  Main:41 - application start
2023-03-20 20:50:08 INFO  Controller:75 - Main controller initializing
2023-03-20 20:50:21 INFO  Main:36 - saved data reading
2023-03-20 20:50:21 INFO  Main:41 - application start
2023-03-20 20:50:21 INFO  Controller:75 - Main controller initializing
2023-03-20 20:50:23 INFO  NewEditController:91 - new/edit window initializing
2023-03-20 20:50:32 INFO  NewEditController:91 - new/edit window initializing
2023-03-20 20:50:45 INFO  NewEditController:91 - new/edit window initializing
2023-03-20 20:50:55 INFO  NewEditController:91 - new/edit window initializing
2023-03-20 20:51:38 INFO  Main:36 - saved data reading
2023-03-20 20:51:38 INFO  Main:41 - application start
2023-03-20 20:51:38 INFO  Controller:75 - Main controller initializing
2023-03-20 20:51:42 INFO  NewEditController:91 - new/edit window initializing
2023-03-20 20:51:56 INFO  NewEditController:91 - new/edit window initializing
2023-03-20 20:52:06 INFO  NewEditController:91 - new/edit window initializing
2023-03-20 20:52:17 INFO  NewEditController:91 - new/edit window initializing
2023-03-20 20:52:22 INFO  NewEditController:91 - new/edit window initializing
2023-03-20 20:54:21 INFO  Main:36 - saved data reading
2023-03-20 20:54:21 INFO  Main:41 - application start
2023-03-20 20:54:21 INFO  Controller:75 - Main controller initializing
2023-03-20 20:54:28 INFO  NewEditController:91 - new/edit window initializing
2023-03-20 20:55:01 INFO  NewEditController:91 - new/edit window initializing
2023-03-20 20:55:28 INFO  NewEditController:91 - new/edit window initializing
2023-03-20 20:56:04 INFO  NewEditController:91 - new/edit window initializing
2023-03-20 20:56:06 INFO  NewEditController:91 - new/edit window initializing
2023-03-20 20:58:03 INFO  Main:36 - saved data reading
2023-03-20 20:58:03 INFO  Main:41 - application start
2023-03-20 20:58:03 INFO  Controller:75 - Main controller initializing
2023-03-20 21:02:05 INFO  Main:36 - saved data reading
2023-03-20 21:02:05 INFO  Main:41 - application start
2023-03-20 21:02:05 INFO  Controller:75 - Main controller initializing
2023-03-20 21:07:30 INFO  Main:36 - saved data reading
2023-03-20 21:07:30 INFO  Main:41 - application start
2023-03-20 21:07:31 INFO  Controller:75 - Main controller initializing
2023-03-20 21:07:33 INFO  NewEditController:91 - new/edit window initializing
2023-03-20 21:11:15 INFO  NewEditController:91 - new/edit window initializing
2023-03-20 21:12:52 INFO  Main:36 - saved data reading
2023-03-20 21:12:52 INFO  Main:41 - application start
2023-03-20 21:12:53 INFO  Controller:75 - Main controller initializing
2023-03-20 21:13:52 INFO  Main:36 - saved data reading
2023-03-20 21:13:52 INFO  Main:41 - application start
2023-03-20 21:13:52 INFO  Controller:75 - Main controller initializing
2023-03-20 21:19:55 INFO  Main:36 - saved data reading
2023-03-20 21:19:55 INFO  Main:41 - application start
2023-03-20 21:19:55 INFO  Controller:75 - Main controller initializing
2023-03-20 21:22:37 INFO  NewEditController:91 - new/edit window initializing
2023-03-20 21:23:04 INFO  Main:36 - saved data reading
2023-03-20 21:23:04 INFO  Main:41 - application start
2023-03-20 21:23:05 INFO  Controller:75 - Main controller initializing
2023-03-20 21:23:07 INFO  NewEditController:91 - new/edit window initializing
2023-03-20 21:23:42 INFO  NewEditController:91 - new/edit window initializing
2023-03-20 21:23:57 INFO  NewEditController:91 - new/edit window initializing
2023-03-20 21:24:03 INFO  NewEditController:91 - new/edit window initializing
2023-03-20 21:24:11 INFO  NewEditController:91 - new/edit window initializing
2023-03-20 21:25:09 INFO  Main:36 - saved data reading
2023-03-20 21:25:09 INFO  Main:41 - application start
2023-03-20 21:25:10 INFO  Controller:75 - Main controller initializing
2023-03-20 21:25:18 INFO  NewEditController:91 - new/edit window initializing
2023-03-20 21:25:39 INFO  TaskInfoController:25 - task info window initializing
2023-03-20 21:25:39 ERROR Controller:132 - error loading task-info.fxml
2023-03-20 21:25:41 INFO  TaskInfoController:25 - task info window initializing
2023-03-20 21:25:41 ERROR Controller:132 - error loading task-info.fxml
2023-03-20 21:25:43 INFO  TaskInfoController:25 - task info window initializing
2023-03-20 21:25:43 ERROR Controller:132 - error loading task-info.fxml
2023-03-20 21:25:46 INFO  TaskInfoController:25 - task info window initializing
2023-03-20 21:25:46 ERROR Controller:132 - error loading task-info.fxml
2023-03-20 21:25:49 INFO  NewEditController:91 - new/edit window initializing
2023-03-20 21:26:31 INFO  TaskInfoController:25 - task info window initializing
2023-03-20 21:26:31 ERROR Controller:132 - error loading task-info.fxml
2023-03-20 21:26:33 INFO  TaskInfoController:25 - task info window initializing
2023-03-20 21:26:33 ERROR Controller:132 - error loading task-info.fxml
2023-03-20 21:26:37 INFO  Main:36 - saved data reading
2023-03-20 21:26:37 INFO  Main:41 - application start
2023-03-20 21:26:38 INFO  Controller:75 - Main controller initializing
2023-03-20 21:27:05 INFO  Main:36 - saved data reading
2023-03-20 21:27:05 INFO  Main:41 - application start
2023-03-20 21:27:05 INFO  Controller:75 - Main controller initializing
2023-03-20 21:27:17 INFO  Main:36 - saved data reading
2023-03-20 21:27:17 INFO  Main:41 - application start
2023-03-20 21:27:17 INFO  Controller:75 - Main controller initializing
2023-03-20 21:27:19 INFO  TaskInfoController:25 - task info window initializing
2023-03-20 21:27:19 ERROR Controller:132 - error loading task-info.fxml
2023-03-20 21:27:22 INFO  TaskInfoController:25 - task info window initializing
2023-03-20 21:27:22 ERROR Controller:132 - error loading task-info.fxml
2023-03-20 21:27:26 INFO  TaskInfoController:25 - task info window initializing
2023-03-20 21:27:26 ERROR Controller:132 - error loading task-info.fxml
2023-03-20 21:27:28 INFO  NewEditController:91 - new/edit window initializing
2023-03-20 21:27:43 INFO  NewEditController:91 - new/edit window initializing
2023-03-20 21:27:53 INFO  TaskInfoController:25 - task info window initializing
2023-03-20 21:27:53 ERROR Controller:132 - error loading task-info.fxml
2023-03-20 21:27:54 INFO  TaskInfoController:25 - task info window initializing
2023-03-20 21:27:54 ERROR Controller:132 - error loading task-info.fxml
2023-03-20 21:27:58 INFO  TaskInfoController:25 - task info window initializing
2023-03-20 21:27:58 ERROR Controller:132 - error loading task-info.fxml
2023-03-20 21:30:20 INFO  Main:36 - saved data reading
2023-03-20 21:30:20 INFO  Main:41 - application start
2023-03-20 21:30:21 INFO  Controller:75 - Main controller initializing
2023-03-20 21:30:24 INFO  TaskInfoController:26 - task info window initializing
2023-03-20 21:30:27 INFO  TaskInfoController:26 - task info window initializing
2023-03-29 15:23:23 ERROR Task:35 - time below bound
2023-03-29 15:23:23 ERROR Task:35 - time below bound
2023-03-29 15:26:51 ERROR Task:35 - time below bound
2023-03-29 15:26:51 ERROR Task:35 - time below bound
2023-03-29 15:27:21 ERROR Task:35 - time below bound
2023-03-29 15:27:21 ERROR Task:35 - time below bound
2023-03-29 15:30:44 ERROR Task:35 - time below bound
2023-03-29 15:30:44 ERROR Task:35 - time below bound
2023-03-29 15:33:09 ERROR Task:35 - time below bound
2023-03-29 15:33:09 ERROR Task:35 - time below bound
2023-03-29 17:08:44 ERROR Task:35 - time below bound
2023-03-29 17:08:44 ERROR Task:35 - time below bound
2023-03-29 17:27:03 ERROR Task:42 - start date is in the past
2023-03-29 17:30:00 ERROR Task:42 - start date is in the past
2023-03-29 17:30:31 ERROR Task:42 - start date is in the past
2023-03-29 17:32:19 ERROR Task:42 - start date is in the past
2023-03-29 17:42:37 ERROR Task:42 - start date is in the past
2023-03-29 17:44:48 ERROR Task:42 - start date is in the past
2023-03-29 17:45:06 ERROR Task:42 - start date is in the past
2023-03-29 17:49:44 ERROR Task:46 - interval < than 1
2023-03-29 17:49:56 ERROR Task:46 - interval < than 1
2023-03-29 17:50:25 ERROR Task:42 - start date is in the past
2023-03-29 17:50:25 ERROR Task:42 - start date is in the past
2023-03-29 17:52:04 ERROR Task:42 - start date is in the past
2023-03-29 17:52:04 ERROR Task:42 - start date is in the past
2023-03-29 17:52:46 ERROR Task:42 - start date is in the past
2023-03-29 17:52:46 ERROR Task:42 - start date is in the past
2023-03-29 17:54:42 ERROR Task:42 - start date is in the past
2023-03-29 17:54:42 ERROR Task:42 - start date is in the past
2023-03-29 17:54:42 ERROR Task:42 - start date is in the past
2023-03-29 17:54:42 ERROR Task:42 - start date is in the past
2023-03-29 17:56:21 ERROR Task:42 - start date is in the past
2023-03-29 17:56:21 ERROR Task:42 - start date is in the past
2023-03-29 17:57:08 ERROR Task:42 - start date is in the past
2023-03-29 17:57:08 ERROR Task:42 - start date is in the past
2023-03-29 17:57:23 ERROR Task:42 - start date is in the past
2023-03-29 17:57:23 ERROR Task:42 - start date is in the past
2023-03-29 17:58:04 ERROR Task:46 - interval < than 1
2023-03-29 17:58:04 ERROR Task:42 - start date is in the past
2023-03-29 17:58:04 ERROR Task:42 - start date is in the past
2023-03-29 18:04:53 ERROR Task:46 - interval < than 1
2023-03-29 18:04:53 ERROR Task:42 - start date is in the past
2023-03-29 18:04:53 ERROR Task:42 - start date is in the past
2023-03-29 18:05:15 ERROR Task:42 - start date is in the past
2023-03-29 18:05:15 ERROR Task:42 - start date is in the past
2023-03-29 18:05:27 ERROR Task:46 - interval < than 1
2023-03-29 18:05:27 ERROR Task:42 - start date is in the past
2023-03-29 18:05:27 ERROR Task:42 - start date is in the past
2023-03-29 18:49:23 INFO  Main:36 - saved data reading
2023-03-29 18:49:23 ERROR Task:47 - start date is in the past
2023-03-29 18:49:28 INFO  Main:36 - saved data reading
2023-03-29 18:49:28 INFO  Main:41 - application start
2023-03-29 18:49:28 INFO  Controller:75 - Main controller initializing
2023-03-29 18:49:42 INFO  Main:36 - saved data reading
2023-03-29 18:49:42 INFO  Main:41 - application start
2023-03-29 18:49:42 INFO  Controller:75 - Main controller initializing
2023-03-29 18:59:49 INFO  Main:36 - saved data reading
2023-03-29 18:59:49 INFO  Main:41 - application start
2023-03-29 18:59:49 INFO  Controller:75 - Main controller initializing
2023-03-29 18:59:51 INFO  NewEditController:91 - new/edit window initializing
2023-04-07 08:44:40 INFO  Main:36 - saved data reading
2023-04-07 08:44:40 ERROR Task:47 - start date is in the past
2023-04-07 08:45:09 INFO  Main:36 - saved data reading
2023-04-07 08:45:09 INFO  Main:41 - application start
2023-04-07 08:45:09 INFO  Controller:75 - Main controller initializing
2023-04-07 08:45:21 INFO  NewEditController:91 - new/edit window initializing
2023-04-07 08:45:44 INFO  NewEditController:91 - new/edit window initializing
2023-04-07 08:45:53 ERROR Task:47 - start date is in the past
2023-04-07 08:46:13 INFO  NewEditController:91 - new/edit window initializing
2023-04-07 08:48:36 INFO  NewEditController:91 - new/edit window initializing
2023-04-07 09:11:41 INFO  Main:36 - saved data reading
2023-04-07 09:11:41 ERROR Task:47 - start date is in the past
2023-04-07 09:12:21 INFO  Main:36 - saved data reading
2023-04-07 09:12:21 INFO  Main:41 - application start
2023-04-07 09:12:21 INFO  Controller:75 - Main controller initializing
2023-04-26 14:40:11 ERROR Task:51 - interval < than 1
2023-04-26 14:42:28 ERROR Task:72 - interval < than 1
2023-05-05 17:42:15 ERROR Task:33 - start date is in the past
2023-05-05 17:42:15 ERROR Task:28 - time below bound
2023-05-05 17:43:37 ERROR Task:33 - start date is in the past
2023-05-05 17:43:37 ERROR Task:28 - time below bound
2023-05-05 17:44:04 ERROR Task:33 - start date is in the past
2023-05-05 17:44:04 ERROR Task:28 - time below bound
2023-05-05 18:28:18 ERROR Task:33 - start date is in the past
2023-05-05 18:28:18 ERROR Task:28 - time below bound
2023-05-05 18:28:56 ERROR Task:33 - start date is in the past
2023-05-05 18:28:56 ERROR Task:28 - time below bound
2023-05-06 09:13:05 ERROR Task:71 - interval < than 1
2023-05-06 09:13:05 ERROR Task:67 - start date is in the past
2023-05-06 09:13:05 ERROR Task:67 - start date is in the past
2023-05-06 09:13:06 ERROR Task:51 - start date is in the past
2023-05-06 09:13:06 ERROR Task:46 - time below bound
2023-05-06 09:14:49 ERROR Task:71 - interval < than 1
2023-05-06 09:14:49 ERROR Task:67 - start date is in the past
2023-05-06 09:14:49 ERROR Task:67 - start date is in the past
2023-05-06 09:14:49 ERROR Task:51 - start date is in the past
2023-05-06 09:14:50 ERROR Task:51 - start date is in the past
2023-05-06 09:14:50 ERROR Task:46 - time below bound
2023-05-06 09:15:15 ERROR Task:71 - interval < than 1
2023-05-06 09:15:15 ERROR Task:67 - start date is in the past
2023-05-06 09:15:15 ERROR Task:67 - start date is in the past
2023-05-06 09:15:15 ERROR Task:51 - start date is in the past
2023-05-06 09:15:15 ERROR Task:51 - start date is in the past
2023-05-06 09:15:15 ERROR Task:46 - time below bound
2023-05-06 09:15:27 ERROR Task:71 - interval < than 1
2023-05-06 09:15:27 ERROR Task:67 - start date is in the past
2023-05-06 09:15:27 ERROR Task:67 - start date is in the past
2023-05-06 09:15:27 ERROR Task:51 - start date is in the past
2023-05-06 09:15:28 ERROR Task:51 - start date is in the past
2023-05-06 09:15:28 ERROR Task:46 - time below bound
2023-05-06 09:15:45 ERROR Task:71 - interval < than 1
2023-05-06 09:15:45 ERROR Task:67 - start date is in the past
2023-05-06 09:15:45 ERROR Task:67 - start date is in the past
2023-05-06 09:15:46 ERROR Task:51 - start date is in the past
2023-05-06 09:15:46 ERROR Task:46 - time below bound
2023-05-06 09:45:04 ERROR Task:71 - interval < than 1
2023-05-06 09:45:04 ERROR Task:67 - start date is in the past
2023-05-06 09:45:04 ERROR Task:51 - start date is in the past
2023-05-06 09:45:04 ERROR Task:46 - time below bound
2023-05-06 09:46:54 ERROR Task:71 - interval < than 1
2023-05-06 09:46:54 ERROR Task:67 - start date is in the past
2023-05-06 09:46:54 ERROR Task:67 - start date is in the past
2023-05-06 09:46:55 ERROR Task:51 - start date is in the past
2023-05-06 09:46:55 ERROR Task:46 - time below bound
2023-05-06 09:47:03 ERROR Task:71 - interval < than 1
2023-05-06 09:47:03 ERROR Task:67 - start date is in the past
2023-05-06 09:47:03 ERROR Task:67 - start date is in the past
2023-05-06 09:47:04 ERROR Task:51 - start date is in the past
2023-05-06 09:47:04 ERROR Task:46 - time below bound
